This is pdfTeX, Version 3.14159265-2.6-1.40.18 (TeX Live 2017) (preloaded format=pdflatex 2017.9.18)  2 APR 2019 12:47
entering extended mode
 restricted \write18 enabled.
 %&-line parsing enabled.
**Rechts_2.tex
(./Rechts_2.tex
LaTeX2e <2017-04-15>
Babel <3.10> and hyphenation patterns for 84 language(s) loaded.

! LaTeX Error: Missing \begin{document}.

See the LaTeX manual or LaTeX Companion for explanation.
Type  H <return>  for immediate help.
 ...                                              
                                                  
l.2 I
     n der Pr√§ambel:
You're in trouble here.  Try typing  <return>  to proceed.
If that doesn't work, type  X <return>  to quit.

Missing character: There is no I in font nullfont!
Missing character: There is no n in font nullfont!
Missing character: There is no d in font nullfont!
Missing character: There is no e in font nullfont!
Missing character: There is no r in font nullfont!
Missing character: There is no P in font nullfont!
Missing character: There is no r in font nullfont!
Missing character: There is no √ in font nullfont!
Missing character: There is no § in font nullfont!
Missing character: There is no a in font nullfont!
Missing character: There is no m in font nullfont!
Missing character: There is no b in font nullfont!
Missing character: There is no e in font nullfont!
Missing character: There is no l in font nullfont!
Missing character: There is no : in font nullfont!

Overfull \hbox (20.0pt too wide) in paragraph at lines 2--3
[]
 []


! LaTeX Error: Missing \begin{document}.

See the LaTeX manual or LaTeX Companion for explanation.
Type  H <return>  for immediate help.
 ...                                              
                                                  
l.4 \begin{verbatim}
                    
You're in trouble here.  Try typing  <return>  to proceed.
If that doesn't work, type  X <return>  to quit.


Overfull \hbox (20.0pt too wide) in paragraph at lines 4--4
[] 
 []

Missing character: There is no √ in font cmtt10!
Missing character: There is no º in font cmtt10!

Overfull \hbox (167.99854pt too wide) in paragraph at lines 12--12
[]\OT1/cmtt/m/n/10 % Packages fr Programm-Listings:[] 
 []


Overfull \hbox (110.24904pt too wide) in paragraph at lines 12--12
[]\OT1/cmtt/m/n/10 \usepackage{listings}[] 
 []


Overfull \hbox (94.49918pt too wide) in paragraph at lines 12--12
[]\OT1/cmtt/m/n/10 \usepackage{color}[] 
 []


Overfull \hbox (183.7484pt too wide) in paragraph at lines 12--12
[]\OT1/cmtt/m/n/10 \definecolor{dkgreen}{rgb}{0,0.6,0}[] 
 []


Overfull \hbox (194.2483pt too wide) in paragraph at lines 12--12
[]\OT1/cmtt/m/n/10 \definecolor{mauve}{rgb}{0.58,0,0.82}[] 
 []

! Undefined control sequence.
l.14 \tcblower
              
The control sequence at the end of the top line
of your error message was never \def'ed. If you have
misspelled it (e.g., `\hobx'), type `I' and the correct
spelling (e.g., `I\hbox'). Otherwise just continue,
and I'll forget about whatever was undefined.

Missing character: There is no I in font nullfont!
Missing character: There is no m in font nullfont!
Missing character: There is no D in font nullfont!
Missing character: There is no o in font nullfont!
Missing character: There is no k in font nullfont!
Missing character: There is no u in font nullfont!
Missing character: There is no m in font nullfont!
Missing character: There is no e in font nullfont!
Missing character: There is no n in font nullfont!
Missing character: There is no t in font nullfont!
Missing character: There is no : in font nullfont!

Overfull \hbox (20.0pt too wide) in paragraph at lines 16--17
[]
 []


Overfull \hbox (20.0pt too wide) in paragraph at lines 18--18
[] 
 []


Overfull \hbox (288.74748pt too wide) in paragraph at lines 59--59
[]\OT1/cmtt/m/n/10 Der euklidische Algorithmus ist ein Algorithmus aus dem[] 
 []

Missing character: There is no √ in font cmtt10!
Missing character: There is no § in font cmtt10!

Overfull \hbox (299.24739pt too wide) in paragraph at lines 59--59
[]\OT1/cmtt/m/n/10 mathematischen Teilgebiet der Zahlentheorie. Mit ihm lsst[] 

 []

Missing character: There is no √ in font cmtt10!
Missing character: There is no ∂ in font cmtt10!
Missing character: There is no √ in font cmtt10!
Missing character: There is no º in font cmtt10!

Overfull \hbox (304.49734pt too wide) in paragraph at lines 59--59
[]\OT1/cmtt/m/n/10 sich der grsste gemeinsame Teiler zweier natrlicher Zahlen[]
 
 []


Overfull \hbox (330.74712pt too wide) in paragraph at lines 59--59
[]\OT1/cmtt/m/n/10 berechnen. Das Verfahren ist nach dem griechischen Mathemati
ker[] 
 []

Missing character: There is no ‚ in font cmtt10!
Missing character: There is no Ä in font cmtt10!
Missing character: There is no û in font cmtt10!
Missing character: There is no ‚ in font cmtt10!
Missing character: There is no Ä in font cmtt10!
Missing character: There is no ú in font cmtt10!

Overfull \hbox (351.74693pt too wide) in paragraph at lines 59--59
[]\OT1/cmtt/m/n/10 Euklid benannt, der es in seinem Werk Die Elemente beschrieb
en hat.[] 
 []


Overfull \hbox (41.99963pt too wide) in paragraph at lines 59--59
[]\OT1/cmtt/m/n/10 \bigskip[] 
 []

Missing character: There is no √ in font cmtt10!
Missing character: There is no ∂ in font cmtt10!

Overfull \hbox (325.49716pt too wide) in paragraph at lines 59--59
[]\OT1/cmtt/m/n/10 Der grsste gemeinsame Teiler zweier Zahlen kann auch aus ihr
en[] 
 []


Overfull \hbox (330.74712pt too wide) in paragraph at lines 59--59
[]\OT1/cmtt/m/n/10 Primfaktorzerlegungen ermittelt werden. Ist aber von keiner 
der[] 
 []


Overfull \hbox (299.24739pt too wide) in paragraph at lines 59--59
[]\OT1/cmtt/m/n/10 beiden Zahlen die Primfaktorzerlegung bekannt, so ist der[] 

 []


Overfull \hbox (330.74712pt too wide) in paragraph at lines 59--59
[]\OT1/cmtt/m/n/10 euklidische Algorithmus das schnellste Verfahren zur Berechn
ung[] 
 []

Missing character: There is no √ in font cmtt10!
Missing character: There is no ∂ in font cmtt10!

Overfull \hbox (167.99854pt too wide) in paragraph at lines 59--59
[]\OT1/cmtt/m/n/10 des grssten gemeinsamen Teilers:[] 
 []


Overfull \hbox (41.99963pt too wide) in paragraph at lines 59--59
[]\OT1/cmtt/m/n/10 \bigskip[] 
 []


Overfull \hbox (304.49734pt too wide) in paragraph at lines 59--59
[]\OT1/cmtt/m/n/10 In Python sieht der euklidische Algorithmus wie folgt aus:[]
 
 []


Overfull \hbox (68.2494pt too wide) in paragraph at lines 59--59
[]\OT1/cmtt/m/n/10 \begin{quote}[] 
 []


Overfull \hbox (173.24849pt too wide) in paragraph at lines 59--59
[]\OT1/cmtt/m/n/10 \lstinputlisting[language=Python,[] 
 []


Overfull \hbox (141.74876pt too wide) in paragraph at lines 59--59
[]    \OT1/cmtt/m/n/10 basicstyle=\scriptsize,[] 
 []


Overfull \hbox (89.24922pt too wide) in paragraph at lines 59--59
[]    \OT1/cmtt/m/n/10 numbers=left,[] 
 []


Overfull \hbox (115.499pt too wide) in paragraph at lines 59--59
[]    \OT1/cmtt/m/n/10 numberstyle=\tiny,[] 
 []


Overfull \hbox (89.24922pt too wide) in paragraph at lines 59--59
[]    \OT1/cmtt/m/n/10 stepnumber=2,[] 
 []


Overfull \hbox (94.49918pt too wide) in paragraph at lines 59--59
[]    \OT1/cmtt/m/n/10 numbersep=5pt,[] 
 []


Overfull \hbox (89.24922pt too wide) in paragraph at lines 59--59
[]    \OT1/cmtt/m/n/10 frame=single,[] 
 []


Overfull \hbox (104.99908pt too wide) in paragraph at lines 59--59
[]    \OT1/cmtt/m/n/10 framerule=0.1pt,[] 
 []


Overfull \hbox (141.74876pt too wide) in paragraph at lines 59--59
[]    \OT1/cmtt/m/n/10 showstringspaces=false,[] 
 []


Overfull \hbox (110.24904pt too wide) in paragraph at lines 59--59
[]    \OT1/cmtt/m/n/10 showspaces=false,[] 
 []


Overfull \hbox (99.74913pt too wide) in paragraph at lines 59--59
[]    \OT1/cmtt/m/n/10 showtabs=false,[] 
 []


Overfull \hbox (157.49863pt too wide) in paragraph at lines 59--59
[]    \OT1/cmtt/m/n/10 keywordstyle=\color{blue},[] 
 []


Overfull \hbox (173.24849pt too wide) in paragraph at lines 59--59
[]    \OT1/cmtt/m/n/10 commentstyle=\color{dkgreen},[] 
 []


Overfull \hbox (157.49863pt too wide) in paragraph at lines 59--59
[]    \OT1/cmtt/m/n/10 stringstyle=\color{mauve},[] 
 []


Overfull \hbox (183.7484pt too wide) in paragraph at lines 59--59
[]    \OT1/cmtt/m/n/10 backgroundcolor = \color{white}[] 
 []


Overfull \hbox (173.24849pt too wide) in paragraph at lines 59--59
[]\OT1/cmtt/m/n/10 ]{themen/listings/listing_ggT.py}[] 
 []


Overfull \hbox (57.7495pt too wide) in paragraph at lines 59--59
[]\OT1/cmtt/m/n/10 \end{quote}[] 
 []

)
! Emergency stop.
<*> Rechts_2.tex
                
*** (job aborted, no legal \end found)

 
Here is how much of TeX's memory you used:
 8 strings out of 492995
 156 string characters out of 6132704
 58074 words of memory out of 5000000
 3660 multiletter control sequences out of 15000+600000
 3808 words of font info for 15 fonts, out of 8000000 for 9000
 1141 hyphenation exceptions out of 8191
 18i,1n,14p,88b,158s stack positions out of 5000i,500n,10000p,200000b,80000s
!  ==> Fatal error occurred, no output PDF file produced!
